Arguments: 
  C:\Program Files\nodejs\node.exe C:\Users\bibch\AppData\Roaming\npm\node_modules\yarn\bin\yarn.js add @type/node

PATH: 
  C:\Program Files (x86)\Common Files\Intel\Shared Libraries\redist\intel64\compiler;C:\WINDOWS\system32;C:\WINDOWS;C:\WINDOWS\System32\Wbem;C:\WINDOWS\System32\WindowsPowerShell\v1.0\;C:\WINDOWS\System32\OpenSSH\;C:\ProgramData\chocolatey\bin;C:\Program Files\OpenJDK\openjdk-8u312-b07\bin;C:\Program Files\nodejs\;C:\Program Files\OpenJDK\openjdk-8u312-b07\bin;C:\Program Files\Git\cmd;C:\Users\bibch\AppData\Local\Microsoft\WindowsApps;D:\software\Microsoft VS Code\bin;C:\Users\bibch\AppData\Roaming\npm;C:\Users\bibch\AppData\Local\GitHubDesktop\bin;C:\Users\bibch\AppData\Local\Android\Sdk\platform-tools;C:\Program Files\MongoDB\Server\5.0\bin;C:\Users\bibch\AppData\Local\atom\bin;C:\Program Files\heroku\bin;C:\Users\bibch\OneDrive - Saptagandaki Multiple Campus\Desktop\heroku\bin

Yarn version: 
  1.22.18

Node version: 
  16.13.1

Platform: 
  win32 x64

Trace: 
  Error: https://registry.yarnpkg.com/@type%2fnode: Not found
      at Request.params.callback [as _callback] (C:\Users\bibch\AppData\Roaming\npm\node_modules\yarn\lib\cli.js:66138:18)
      at Request.self.callback (C:\Users\bibch\AppData\Roaming\npm\node_modules\yarn\lib\cli.js:140883:22)
      at Request.emit (node:events:390:28)
      at Request.<anonymous> (C:\Users\bibch\AppData\Roaming\npm\node_modules\yarn\lib\cli.js:141855:10)
      at Request.emit (node:events:390:28)
      at IncomingMessage.<anonymous> (C:\Users\bibch\AppData\Roaming\npm\node_modules\yarn\lib\cli.js:141777:12)
      at Object.onceWrapper (node:events:509:28)
      at IncomingMessage.emit (node:events:402:35)
      at endReadableNT (node:internal/streams/readable:1343:12)
      at processTicksAndRejections (node:internal/process/task_queues:83:21)

npm manifest: 
  {
    "name": "backend",
    "version": "1.0.0",
    "main": "index.js",
    "license": "MIT"
  }

yarn manifest: 
  No manifest

Lockfile: 
  No lockfile
